{"C:\\Users\\JOEL\\Desktop\\Javascript capstone\\capstone-project\\src\\modules\\add-new-comment.js": {"path":"C:\\Users\\JOEL\\Desktop\\Javascript capstone\\capstone-project\\src\\modules\\add-new-comment.js","statementMap":{"0":{"start":{"line":4,"column":17},"end":{"line":4,"column":39}},"1":{"start":{"line":5,"column":19},"end":{"line":18,"column":3}},"2":{"start":{"line":19,"column":2},"end":{"line":19,"column":17}},"3":{"start":{"line":21,"column":17},"end":{"line":21,"column":73}},"4":{"start":{"line":22,"column":2},"end":{"line":22,"column":24}},"5":{"start":{"line":24,"column":2},"end":{"line":24,"column":35}}},"fnMap":{"0":{"name":"addNewComment","decl":{"start":{"line":3,"column":15},"end":{"line":3,"column":28}},"loc":{"start":{"line":3,"column":56},"end":{"line":25,"column":1}},"line":3}},"branchMap":{},"s":{"0":1,"1":1,"2":1,"3":1,"4":1,"5":1},"f":{"0":1},"b":{},"_coverageSchema":"1a1c01bbd47fc00a2c39e90264f33305004495a9","hash":"d1187916ba60b4d15586e835e1586fa1cf7786cb"}
,"C:\\Users\\JOEL\\Desktop\\Javascript capstone\\capstone-project\\src\\modules\\count-comments.js": {"path":"C:\\Users\\JOEL\\Desktop\\Javascript capstone\\capstone-project\\src\\modules\\count-comments.js","statementMap":{"0":{"start":{"line":1,"column":22},"end":{"line":4,"column":1}},"1":{"start":{"line":2,"column":19},"end":{"line":2,"column":72}},"2":{"start":{"line":3,"column":2},"end":{"line":3,"column":25}}},"fnMap":{"0":{"name":"(anonymous_0)","decl":{"start":{"line":1,"column":22},"end":{"line":1,"column":23}},"loc":{"start":{"line":1,"column":28},"end":{"line":4,"column":1}},"line":1}},"branchMap":{},"s":{"0":1,"1":3,"2":3},"f":{"0":3},"b":{},"_coverageSchema":"1a1c01bbd47fc00a2c39e90264f33305004495a9","hash":"df0b87c08bf0beeb5603ed310baff6d91fc50f4a"}
,"C:\\Users\\JOEL\\Desktop\\Javascript capstone\\capstone-project\\src\\modules\\show-comments.js": {"path":"C:\\Users\\JOEL\\Desktop\\Javascript capstone\\capstone-project\\src\\modules\\show-comments.js","statementMap":{"0":{"start":{"line":2,"column":17},"end":{"line":2,"column":39}},"1":{"start":{"line":3,"column":2},"end":{"line":20,"column":7}},"2":{"start":{"line":6,"column":24},"end":{"line":6,"column":39}},"3":{"start":{"line":8,"column":6},"end":{"line":8,"column":24}},"4":{"start":{"line":10,"column":6},"end":{"line":19,"column":9}},"5":{"start":{"line":11,"column":22},"end":{"line":11,"column":50}},"6":{"start":{"line":12,"column":8},"end":{"line":12,"column":54}},"7":{"start":{"line":13,"column":8},"end":{"line":13,"column":59}},"8":{"start":{"line":14,"column":8},"end":{"line":14,"column":34}},"9":{"start":{"line":15,"column":27},"end":{"line":15,"column":54}},"10":{"start":{"line":16,"column":8},"end":{"line":16,"column":57}},"11":{"start":{"line":17,"column":8},"end":{"line":17,"column":99}},"12":{"start":{"line":18,"column":8},"end":{"line":18,"column":39}}},"fnMap":{"0":{"name":"showCommentsList","decl":{"start":{"line":1,"column":9},"end":{"line":1,"column":25}},"loc":{"start":{"line":1,"column":38},"end":{"line":21,"column":1}},"line":1},"1":{"name":"(anonymous_1)","decl":{"start":{"line":6,"column":10},"end":{"line":6,"column":11}},"loc":{"start":{"line":6,"column":24},"end":{"line":6,"column":39}},"line":6},"2":{"name":"(anonymous_2)","decl":{"start":{"line":7,"column":10},"end":{"line":7,"column":11}},"loc":{"start":{"line":7,"column":20},"end":{"line":20,"column":5}},"line":7},"3":{"name":"(anonymous_3)","decl":{"start":{"line":10,"column":19},"end":{"line":10,"column":20}},"loc":{"start":{"line":10,"column":32},"end":{"line":19,"column":7}},"line":10}},"branchMap":{"0":{"loc":{"start":{"line":13,"column":39},"end":{"line":13,"column":55}},"type":"binary-expr","locations":[{"start":{"line":13,"column":39},"end":{"line":13,"column":50}},{"start":{"line":13,"column":54},"end":{"line":13,"column":55}}],"line":13}},"s":{"0":1,"1":1,"2":0,"3":0,"4":0,"5":0,"6":0,"7":0,"8":0,"9":0,"10":0,"11":0,"12":0},"f":{"0":1,"1":0,"2":0,"3":0},"b":{"0":[0,0]},"_coverageSchema":"1a1c01bbd47fc00a2c39e90264f33305004495a9","hash":"7e2cb184c1d8257e875d508a6283dd2d7ed6d591"}
}
