{"H:\\capstone-project-2\\src\\modules\\count-comments.js": {"path":"H:\\capstone-project-2\\src\\modules\\count-comments.js","statementMap":{"0":{"start":{"line":1,"column":22},"end":{"line":4,"column":1}},"1":{"start":{"line":2,"column":19},"end":{"line":2,"column":72}},"2":{"start":{"line":3,"column":2},"end":{"line":3,"column":25}}},"fnMap":{"0":{"name":"(anonymous_0)","decl":{"start":{"line":1,"column":22},"end":{"line":1,"column":23}},"loc":{"start":{"line":1,"column":28},"end":{"line":4,"column":1}},"line":1}},"branchMap":{},"s":{"0":1,"1":3,"2":3},"f":{"0":3},"b":{},"_coverageSchema":"1a1c01bbd47fc00a2c39e90264f33305004495a9","hash":"b7d890515d1be66fa179d01877c90674f35ed633"}
,"H:\\capstone-project-2\\src\\modules\\test\\display-homepage.js": {"path":"H:\\capstone-project-2\\src\\modules\\test\\display-homepage.js","statementMap":{"0":{"start":{"line":1,"column":26},"end":{"line":1,"column":55}},"1":{"start":{"line":5,"column":20},"end":{"line":10,"column":4}},"2":{"start":{"line":12,"column":20},"end":{"line":12,"column":29}},"3":{"start":{"line":13,"column":19},"end":{"line":13,"column":63}},"4":{"start":{"line":13,"column":47},"end":{"line":13,"column":62}},"5":{"start":{"line":14,"column":22},"end":{"line":14,"column":52}},"6":{"start":{"line":15,"column":17},"end":{"line":15,"column":46}},"7":{"start":{"line":16,"column":2},"end":{"line":16,"column":50}},"8":{"start":{"line":17,"column":2},"end":{"line":17,"column":30}},"9":{"start":{"line":19,"column":15},"end":{"line":19,"column":50}},"10":{"start":{"line":21,"column":2},"end":{"line":26,"column":5}},"11":{"start":{"line":22,"column":4},"end":{"line":25,"column":5}},"12":{"start":{"line":23,"column":6},"end":{"line":23,"column":26}},"13":{"start":{"line":24,"column":6},"end":{"line":24,"column":54}}},"fnMap":{"0":{"name":"renderlike","decl":{"start":{"line":4,"column":15},"end":{"line":4,"column":25}},"loc":{"start":{"line":4,"column":28},"end":{"line":27,"column":1}},"line":4},"1":{"name":"(anonymous_1)","decl":{"start":{"line":13,"column":34},"end":{"line":13,"column":35}},"loc":{"start":{"line":13,"column":47},"end":{"line":13,"column":62}},"line":13},"2":{"name":"(anonymous_2)","decl":{"start":{"line":21,"column":33},"end":{"line":21,"column":34}},"loc":{"start":{"line":21,"column":39},"end":{"line":26,"column":3}},"line":21}},"branchMap":{"0":{"loc":{"start":{"line":22,"column":4},"end":{"line":25,"column":5}},"type":"if","locations":[{"start":{"line":22,"column":4},"end":{"line":25,"column":5}},{"start":{},"end":{}}],"line":22}},"s":{"0":1,"1":1,"2":1,"3":1,"4":1,"5":1,"6":1,"7":1,"8":1,"9":1,"10":1,"11":0,"12":0,"13":0},"f":{"0":1,"1":1,"2":0},"b":{"0":[0,0]},"_coverageSchema":"1a1c01bbd47fc00a2c39e90264f33305004495a9","hash":"61187465d66cb9f0d013f32930642ebd89344537"}
}
