TN:
SF:src\modules\add-new-comment.js
FN:3,addNewComment
FNF:1
FNH:1
FNDA:1,addNewComment
DA:4,1
DA:5,1
DA:19,1
DA:21,1
DA:22,1
DA:24,1
LF:6
LH:6
BRF:0
BRH:0
end_of_record
TN:
SF:src\modules\count-comments.js
FN:1,(anonymous_0)
FNF:1
FNH:1
FNDA:3,(anonymous_0)
DA:1,1
DA:2,3
DA:3,3
LF:3
LH:3
BRF:0
BRH:0
end_of_record
TN:
SF:src\modules\show-comments.js
FN:1,showCommentsList
FN:6,(anonymous_1)
FN:7,(anonymous_2)
FN:10,(anonymous_3)
FNF:4
FNH:1
FNDA:1,showCommentsList
FNDA:0,(anonymous_1)
FNDA:0,(anonymous_2)
FNDA:0,(anonymous_3)
DA:2,1
DA:3,1
DA:6,0
DA:8,0
DA:10,0
DA:11,0
DA:12,0
DA:13,0
DA:14,0
DA:15,0
DA:16,0
DA:17,0
DA:18,0
LF:13
LH:2
BRDA:13,0,0,0
BRDA:13,0,1,0
BRF:2
BRH:0
end_of_record
